2015/10/23 18:03:08 [error] [system.db.CDbCommand] Error in preparing SQL: SELECT COUNT(*) FROM AuthItem
in C:\xampp\htdocs\purva\amicaengineerportal\yii\aep\protected\modules\rights\components\RInstaller.php (180)
in C:\xampp\htdocs\purva\amicaengineerportal\yii\aep\protected\modules\rights\controllers\InstallController.php (43)
in C:\xampp\htdocs\purva\amicaengineerportal\yii\aep\index.php (13)
2015/10/23 18:03:08 [error] [system.db.CDbCommand] CDbCommand::fetchColumn() failed: CDbCommand failed to prepare the SQL statement: SQLSTATE[HY000]: General error: 1 no such table: AuthItem. The SQL statement executed was: SELECT COUNT(*) FROM AuthItem.
in C:\xampp\htdocs\purva\amicaengineerportal\yii\aep\protected\modules\rights\components\RInstaller.php (180)
in C:\xampp\htdocs\purva\amicaengineerportal\yii\aep\protected\modules\rights\controllers\InstallController.php (43)
in C:\xampp\htdocs\purva\amicaengineerportal\yii\aep\index.php (13)
2015/10/23 18:03:15 [error] [system.db.CDbCommand] Error in preparing SQL: SELECT id, username, email, createtime, lastvisit, superuser, status, password, activkey FROM 'users' 't' WHERE 't'."username"=:yp0 LIMIT 1
in C:\xampp\htdocs\purva\amicaengineerportal\yii\aep\protected\modules\user\components\UserIdentity.php (27)
in C:\xampp\htdocs\purva\amicaengineerportal\yii\aep\protected\modules\user\models\UserLogin.php (52)
in C:\xampp\htdocs\purva\amicaengineerportal\yii\aep\protected\modules\user\controllers\LoginController.php (19)
2015/10/23 18:03:15 [error] [exception.CDbException] exception 'CDbException' with message 'CDbCommand failed to prepare the SQL statement: SQLSTATE[HY000]: General error: 1 no such column: lastvisit' in C:\xampp\htdocs\purva\amicaengineerportal\yii\framework\db\CDbCommand.php:218
Stack trace:
#0 C:\xampp\htdocs\purva\amicaengineerportal\yii\framework\db\CDbCommand.php(273): CDbCommand->prepare()
#1 C:\xampp\htdocs\purva\amicaengineerportal\yii\framework\db\schema\CDbCommandBuilder.php(568): CDbCommand->bindValue(':yp0', 'admin')
#2 C:\xampp\htdocs\purva\amicaengineerportal\yii\framework\db\schema\CDbCommandBuilder.php(100): CDbCommandBuilder->bindValues(Object(CDbCommand), Array)
#3 C:\xampp\htdocs\purva\amicaengineerportal\yii\framework\db\ar\CActiveRecord.php(1355): CDbCommandBuilder->createFindCommand(Object(CDbTableSchema), Object(CDbCriteria))
#4 C:\xampp\htdocs\purva\amicaengineerportal\yii\framework\db\ar\CActiveRecord.php(1524): CActiveRecord->query(Object(CDbCriteria))
#5 C:\xampp\htdocs\purva\amicaengineerportal\yii\aep\protected\modules\user\components\UserIdentity.php(27): CActiveRecord->findByAttributes(Array)
#6 C:\xampp\htdocs\purva\amicaengineerportal\yii\aep\protected\modules\user\models\UserLogin.php(52): UserIdentity->authenticate()
#7 C:\xampp\htdocs\purva\amicaengineerportal\yii\framework\validators\CInlineValidator.php(42): UserLogin->authenticate('password', Array)
#8 C:\xampp\htdocs\purva\amicaengineerportal\yii\framework\validators\CValidator.php(201): CInlineValidator->validateAttribute(Object(UserLogin), 'password')
#9 C:\xampp\htdocs\purva\amicaengineerportal\yii\framework\base\CModel.php(159): CValidator->validate(Object(UserLogin), NULL)
#10 C:\xampp\htdocs\purva\amicaengineerportal\yii\aep\protected\modules\user\controllers\LoginController.php(19): CModel->validate()
#11 C:\xampp\htdocs\purva\amicaengineerportal\yii\framework\web\actions\CInlineAction.php(49): LoginController->actionLogin()
#12 C:\xampp\htdocs\purva\amicaengineerportal\yii\framework\web\CController.php(308): CInlineAction->runWithParams(Array)
#13 C:\xampp\htdocs\purva\amicaengineerportal\yii\framework\web\CController.php(286): CController->runAction(Object(CInlineAction))
#14 C:\xampp\htdocs\purva\amicaengineerportal\yii\framework\web\CController.php(265): CController->runActionWithFilters(Object(CInlineAction), Array)
#15 C:\xampp\htdocs\purva\amicaengineerportal\yii\framework\web\CWebApplication.php(282): CController->run('')
#16 C:\xampp\htdocs\purva\amicaengineerportal\yii\framework\web\CWebApplication.php(141): CWebApplication->runController('user/login')
#17 C:\xampp\htdocs\purva\amicaengineerportal\yii\framework\base\CApplication.php(184): CWebApplication->processRequest()
#18 C:\xampp\htdocs\purva\amicaengineerportal\yii\aep\index.php(13): CApplication->run()
#19 {main}
REQUEST_URI=/purva/amicaengineerportal/yii/aep/index.php?r=user/login
HTTP_REFERER=http://localhost/purva/amicaengineerportal/yii/aep/index.php?r=user/login
---
2015/10/23 18:05:09 [error] [system.db.CDbCommand] Error in preparing SQL: SELECT id, username, email, createtime, lastvisit, superuser, status, password, activkey FROM 'users' 't' WHERE 't'."username"=:yp0 LIMIT 1
in C:\xampp\htdocs\purva\amicaengineerportal\yii\aep\protected\modules\user\components\UserIdentity.php (27)
in C:\xampp\htdocs\purva\amicaengineerportal\yii\aep\protected\modules\user\models\UserLogin.php (52)
in C:\xampp\htdocs\purva\amicaengineerportal\yii\aep\protected\modules\user\controllers\LoginController.php (19)
2015/10/23 18:05:09 [error] [exception.CDbException] exception 'CDbException' with message 'CDbCommand failed to prepare the SQL statement: SQLSTATE[HY000]: General error: 1 no such column: lastvisit' in C:\xampp\htdocs\purva\amicaengineerportal\yii\framework\db\CDbCommand.php:218
Stack trace:
#0 C:\xampp\htdocs\purva\amicaengineerportal\yii\framework\db\CDbCommand.php(273): CDbCommand->prepare()
#1 C:\xampp\htdocs\purva\amicaengineerportal\yii\framework\db\schema\CDbCommandBuilder.php(568): CDbCommand->bindValue(':yp0', 'admin')
#2 C:\xampp\htdocs\purva\amicaengineerportal\yii\framework\db\schema\CDbCommandBuilder.php(100): CDbCommandBuilder->bindValues(Object(CDbCommand), Array)
#3 C:\xampp\htdocs\purva\amicaengineerportal\yii\framework\db\ar\CActiveRecord.php(1355): CDbCommandBuilder->createFindCommand(Object(CDbTableSchema), Object(CDbCriteria))
#4 C:\xampp\htdocs\purva\amicaengineerportal\yii\framework\db\ar\CActiveRecord.php(1524): CActiveRecord->query(Object(CDbCriteria))
#5 C:\xampp\htdocs\purva\amicaengineerportal\yii\aep\protected\modules\user\components\UserIdentity.php(27): CActiveRecord->findByAttributes(Array)
#6 C:\xampp\htdocs\purva\amicaengineerportal\yii\aep\protected\modules\user\models\UserLogin.php(52): UserIdentity->authenticate()
#7 C:\xampp\htdocs\purva\amicaengineerportal\yii\framework\validators\CInlineValidator.php(42): UserLogin->authenticate('password', Array)
#8 C:\xampp\htdocs\purva\amicaengineerportal\yii\framework\validators\CValidator.php(201): CInlineValidator->validateAttribute(Object(UserLogin), 'password')
#9 C:\xampp\htdocs\purva\amicaengineerportal\yii\framework\base\CModel.php(159): CValidator->validate(Object(UserLogin), NULL)
#10 C:\xampp\htdocs\purva\amicaengineerportal\yii\aep\protected\modules\user\controllers\LoginController.php(19): CModel->validate()
#11 C:\xampp\htdocs\purva\amicaengineerportal\yii\framework\web\actions\CInlineAction.php(49): LoginController->actionLogin()
#12 C:\xampp\htdocs\purva\amicaengineerportal\yii\framework\web\CController.php(308): CInlineAction->runWithParams(Array)
#13 C:\xampp\htdocs\purva\amicaengineerportal\yii\framework\web\CController.php(286): CController->runAction(Object(CInlineAction))
#14 C:\xampp\htdocs\purva\amicaengineerportal\yii\framework\web\CController.php(265): CController->runActionWithFilters(Object(CInlineAction), Array)
#15 C:\xampp\htdocs\purva\amicaengineerportal\yii\framework\web\CWebApplication.php(282): CController->run('')
#16 C:\xampp\htdocs\purva\amicaengineerportal\yii\framework\web\CWebApplication.php(141): CWebApplication->runController('user/login')
#17 C:\xampp\htdocs\purva\amicaengineerportal\yii\framework\base\CApplication.php(184): CWebApplication->processRequest()
#18 C:\xampp\htdocs\purva\amicaengineerportal\yii\aep\index.php(13): CApplication->run()
#19 {main}
REQUEST_URI=/purva/amicaengineerportal/yii/aep/index.php?r=user/login
HTTP_REFERER=http://localhost/purva/amicaengineerportal/yii/aep/index.php?r=user/login
---
2015/10/23 18:07:11 [error] [system.db.CDbCommand] Error in preparing SQL: SELECT id, username, email, createtime, lastvisit, superuser, status, password, activkey FROM 'users' 't' WHERE 't'."username"=:yp0 LIMIT 1
in C:\xampp\htdocs\purva\amicaengineerportal\yii\aep\protected\modules\user\components\UserIdentity.php (27)
in C:\xampp\htdocs\purva\amicaengineerportal\yii\aep\protected\modules\user\models\UserLogin.php (52)
in C:\xampp\htdocs\purva\amicaengineerportal\yii\aep\protected\modules\user\controllers\LoginController.php (19)
2015/10/23 18:07:11 [error] [exception.CDbException] exception 'CDbException' with message 'CDbCommand failed to prepare the SQL statement: SQLSTATE[HY000]: General error: 1 no such column: lastvisit' in C:\xampp\htdocs\purva\amicaengineerportal\yii\framework\db\CDbCommand.php:218
Stack trace:
#0 C:\xampp\htdocs\purva\amicaengineerportal\yii\framework\db\CDbCommand.php(273): CDbCommand->prepare()
#1 C:\xampp\htdocs\purva\amicaengineerportal\yii\framework\db\schema\CDbCommandBuilder.php(568): CDbCommand->bindValue(':yp0', 'admin')
#2 C:\xampp\htdocs\purva\amicaengineerportal\yii\framework\db\schema\CDbCommandBuilder.php(100): CDbCommandBuilder->bindValues(Object(CDbCommand), Array)
#3 C:\xampp\htdocs\purva\amicaengineerportal\yii\framework\db\ar\CActiveRecord.php(1355): CDbCommandBuilder->createFindCommand(Object(CDbTableSchema), Object(CDbCriteria))
#4 C:\xampp\htdocs\purva\amicaengineerportal\yii\framework\db\ar\CActiveRecord.php(1524): CActiveRecord->query(Object(CDbCriteria))
#5 C:\xampp\htdocs\purva\amicaengineerportal\yii\aep\protected\modules\user\components\UserIdentity.php(27): CActiveRecord->findByAttributes(Array)
#6 C:\xampp\htdocs\purva\amicaengineerportal\yii\aep\protected\modules\user\models\UserLogin.php(52): UserIdentity->authenticate()
#7 C:\xampp\htdocs\purva\amicaengineerportal\yii\framework\validators\CInlineValidator.php(42): UserLogin->authenticate('password', Array)
#8 C:\xampp\htdocs\purva\amicaengineerportal\yii\framework\validators\CValidator.php(201): CInlineValidator->validateAttribute(Object(UserLogin), 'password')
#9 C:\xampp\htdocs\purva\amicaengineerportal\yii\framework\base\CModel.php(159): CValidator->validate(Object(UserLogin), NULL)
#10 C:\xampp\htdocs\purva\amicaengineerportal\yii\aep\protected\modules\user\controllers\LoginController.php(19): CModel->validate()
#11 C:\xampp\htdocs\purva\amicaengineerportal\yii\framework\web\actions\CInlineAction.php(49): LoginController->actionLogin()
#12 C:\xampp\htdocs\purva\amicaengineerportal\yii\framework\web\CController.php(308): CInlineAction->runWithParams(Array)
#13 C:\xampp\htdocs\purva\amicaengineerportal\yii\framework\web\CController.php(286): CController->runAction(Object(CInlineAction))
#14 C:\xampp\htdocs\purva\amicaengineerportal\yii\framework\web\CController.php(265): CController->runActionWithFilters(Object(CInlineAction), Array)
#15 C:\xampp\htdocs\purva\amicaengineerportal\yii\framework\web\CWebApplication.php(282): CController->run('')
#16 C:\xampp\htdocs\purva\amicaengineerportal\yii\framework\web\CWebApplication.php(141): CWebApplication->runController('user/login')
#17 C:\xampp\htdocs\purva\amicaengineerportal\yii\framework\base\CApplication.php(184): CWebApplication->processRequest()
#18 C:\xampp\htdocs\purva\amicaengineerportal\yii\aep\index.php(13): CApplication->run()
#19 {main}
REQUEST_URI=/purva/amicaengineerportal/yii/aep/index.php?r=user/login
HTTP_REFERER=http://localhost/purva/amicaengineerportal/yii/aep/index.php?r=user/login
---
2015/10/23 18:08:10 [error] [system.db.CDbCommand] Error in preparing SQL: SELECT id, username, email, createtime, lastvisit, superuser, status, password, activkey FROM 'users' 't' WHERE 't'."username"=:yp0 LIMIT 1
in C:\xampp\htdocs\purva\amicaengineerportal\yii\aep\protected\modules\user\components\UserIdentity.php (27)
in C:\xampp\htdocs\purva\amicaengineerportal\yii\aep\protected\modules\user\models\UserLogin.php (52)
in C:\xampp\htdocs\purva\amicaengineerportal\yii\aep\protected\modules\user\controllers\LoginController.php (19)
2015/10/23 18:08:10 [error] [exception.CDbException] exception 'CDbException' with message 'CDbCommand failed to prepare the SQL statement: SQLSTATE[HY000]: General error: 1 no such column: lastvisit' in C:\xampp\htdocs\purva\amicaengineerportal\yii\framework\db\CDbCommand.php:218
Stack trace:
#0 C:\xampp\htdocs\purva\amicaengineerportal\yii\framework\db\CDbCommand.php(273): CDbCommand->prepare()
#1 C:\xampp\htdocs\purva\amicaengineerportal\yii\framework\db\schema\CDbCommandBuilder.php(568): CDbCommand->bindValue(':yp0', 'admin')
#2 C:\xampp\htdocs\purva\amicaengineerportal\yii\framework\db\schema\CDbCommandBuilder.php(100): CDbCommandBuilder->bindValues(Object(CDbCommand), Array)
#3 C:\xampp\htdocs\purva\amicaengineerportal\yii\framework\db\ar\CActiveRecord.php(1355): CDbCommandBuilder->createFindCommand(Object(CDbTableSchema), Object(CDbCriteria))
#4 C:\xampp\htdocs\purva\amicaengineerportal\yii\framework\db\ar\CActiveRecord.php(1524): CActiveRecord->query(Object(CDbCriteria))
#5 C:\xampp\htdocs\purva\amicaengineerportal\yii\aep\protected\modules\user\components\UserIdentity.php(27): CActiveRecord->findByAttributes(Array)
#6 C:\xampp\htdocs\purva\amicaengineerportal\yii\aep\protected\modules\user\models\UserLogin.php(52): UserIdentity->authenticate()
#7 C:\xampp\htdocs\purva\amicaengineerportal\yii\framework\validators\CInlineValidator.php(42): UserLogin->authenticate('password', Array)
#8 C:\xampp\htdocs\purva\amicaengineerportal\yii\framework\validators\CValidator.php(201): CInlineValidator->validateAttribute(Object(UserLogin), 'password')
#9 C:\xampp\htdocs\purva\amicaengineerportal\yii\framework\base\CModel.php(159): CValidator->validate(Object(UserLogin), NULL)
#10 C:\xampp\htdocs\purva\amicaengineerportal\yii\aep\protected\modules\user\controllers\LoginController.php(19): CModel->validate()
#11 C:\xampp\htdocs\purva\amicaengineerportal\yii\framework\web\actions\CInlineAction.php(49): LoginController->actionLogin()
#12 C:\xampp\htdocs\purva\amicaengineerportal\yii\framework\web\CController.php(308): CInlineAction->runWithParams(Array)
#13 C:\xampp\htdocs\purva\amicaengineerportal\yii\framework\web\CController.php(286): CController->runAction(Object(CInlineAction))
#14 C:\xampp\htdocs\purva\amicaengineerportal\yii\framework\web\CController.php(265): CController->runActionWithFilters(Object(CInlineAction), Array)
#15 C:\xampp\htdocs\purva\amicaengineerportal\yii\framework\web\CWebApplication.php(282): CController->run('')
#16 C:\xampp\htdocs\purva\amicaengineerportal\yii\framework\web\CWebApplication.php(141): CWebApplication->runController('user/login')
#17 C:\xampp\htdocs\purva\amicaengineerportal\yii\framework\base\CApplication.php(184): CWebApplication->processRequest()
#18 C:\xampp\htdocs\purva\amicaengineerportal\yii\aep\index.php(13): CApplication->run()
#19 {main}
REQUEST_URI=/purva/amicaengineerportal/yii/aep/index.php?r=user/login
HTTP_REFERER=http://localhost/purva/amicaengineerportal/yii/aep/index.php?r=user/login
---
2015/10/23 18:09:07 [error] [system.db.CDbCommand] Error in preparing SQL: SELECT id, username, email, createtime, lastvisit, superuser, status, password, activkey FROM 'users' 't' WHERE 't'."username"=:yp0 LIMIT 1
in C:\xampp\htdocs\purva\amicaengineerportal\yii\aep\protected\modules\user\components\UserIdentity.php (27)
in C:\xampp\htdocs\purva\amicaengineerportal\yii\aep\protected\modules\user\models\UserLogin.php (52)
in C:\xampp\htdocs\purva\amicaengineerportal\yii\aep\protected\modules\user\controllers\LoginController.php (19)
2015/10/23 18:09:07 [error] [exception.CDbException] exception 'CDbException' with message 'CDbCommand failed to prepare the SQL statement: SQLSTATE[HY000]: General error: 1 no such column: lastvisit' in C:\xampp\htdocs\purva\amicaengineerportal\yii\framework\db\CDbCommand.php:218
Stack trace:
#0 C:\xampp\htdocs\purva\amicaengineerportal\yii\framework\db\CDbCommand.php(273): CDbCommand->prepare()
#1 C:\xampp\htdocs\purva\amicaengineerportal\yii\framework\db\schema\CDbCommandBuilder.php(568): CDbCommand->bindValue(':yp0', 'admin')
#2 C:\xampp\htdocs\purva\amicaengineerportal\yii\framework\db\schema\CDbCommandBuilder.php(100): CDbCommandBuilder->bindValues(Object(CDbCommand), Array)
#3 C:\xampp\htdocs\purva\amicaengineerportal\yii\framework\db\ar\CActiveRecord.php(1355): CDbCommandBuilder->createFindCommand(Object(CDbTableSchema), Object(CDbCriteria))
#4 C:\xampp\htdocs\purva\amicaengineerportal\yii\framework\db\ar\CActiveRecord.php(1524): CActiveRecord->query(Object(CDbCriteria))
#5 C:\xampp\htdocs\purva\amicaengineerportal\yii\aep\protected\modules\user\components\UserIdentity.php(27): CActiveRecord->findByAttributes(Array)
#6 C:\xampp\htdocs\purva\amicaengineerportal\yii\aep\protected\modules\user\models\UserLogin.php(52): UserIdentity->authenticate()
#7 C:\xampp\htdocs\purva\amicaengineerportal\yii\framework\validators\CInlineValidator.php(42): UserLogin->authenticate('password', Array)
#8 C:\xampp\htdocs\purva\amicaengineerportal\yii\framework\validators\CValidator.php(201): CInlineValidator->validateAttribute(Object(UserLogin), 'password')
#9 C:\xampp\htdocs\purva\amicaengineerportal\yii\framework\base\CModel.php(159): CValidator->validate(Object(UserLogin), NULL)
#10 C:\xampp\htdocs\purva\amicaengineerportal\yii\aep\protected\modules\user\controllers\LoginController.php(19): CModel->validate()
#11 C:\xampp\htdocs\purva\amicaengineerportal\yii\framework\web\actions\CInlineAction.php(49): LoginController->actionLogin()
#12 C:\xampp\htdocs\purva\amicaengineerportal\yii\framework\web\CController.php(308): CInlineAction->runWithParams(Array)
#13 C:\xampp\htdocs\purva\amicaengineerportal\yii\framework\web\CController.php(286): CController->runAction(Object(CInlineAction))
#14 C:\xampp\htdocs\purva\amicaengineerportal\yii\framework\web\CController.php(265): CController->runActionWithFilters(Object(CInlineAction), Array)
#15 C:\xampp\htdocs\purva\amicaengineerportal\yii\framework\web\CWebApplication.php(282): CController->run('')
#16 C:\xampp\htdocs\purva\amicaengineerportal\yii\framework\web\CWebApplication.php(141): CWebApplication->runController('user/login')
#17 C:\xampp\htdocs\purva\amicaengineerportal\yii\framework\base\CApplication.php(184): CWebApplication->processRequest()
#18 C:\xampp\htdocs\purva\amicaengineerportal\yii\aep\index.php(13): CApplication->run()
#19 {main}
REQUEST_URI=/purva/amicaengineerportal/yii/aep/index.php?r=user/login
HTTP_REFERER=http://localhost/purva/amicaengineerportal/yii/aep/index.php?r=user/login
---
2015/10/23 18:12:14 [error] [system.db.CDbCommand] Error in preparing SQL: SELECT id, username, email, createtime, lastvisit, superuser, status, password, activkey FROM 'users' 't' WHERE 't'."username"=:yp0 LIMIT 1
in C:\xampp\htdocs\purva\amicaengineerportal\yii\aep\protected\modules\user\components\UserIdentity.php (27)
in C:\xampp\htdocs\purva\amicaengineerportal\yii\aep\protected\modules\user\models\UserLogin.php (52)
in C:\xampp\htdocs\purva\amicaengineerportal\yii\aep\protected\modules\user\controllers\LoginController.php (19)
2015/10/23 18:12:14 [error] [exception.CDbException] exception 'CDbException' with message 'CDbCommand failed to prepare the SQL statement: SQLSTATE[HY000]: General error: 1 no such column: lastvisit' in C:\xampp\htdocs\purva\amicaengineerportal\yii\framework\db\CDbCommand.php:218
Stack trace:
#0 C:\xampp\htdocs\purva\amicaengineerportal\yii\framework\db\CDbCommand.php(273): CDbCommand->prepare()
#1 C:\xampp\htdocs\purva\amicaengineerportal\yii\framework\db\schema\CDbCommandBuilder.php(568): CDbCommand->bindValue(':yp0', 'admin')
#2 C:\xampp\htdocs\purva\amicaengineerportal\yii\framework\db\schema\CDbCommandBuilder.php(100): CDbCommandBuilder->bindValues(Object(CDbCommand), Array)
#3 C:\xampp\htdocs\purva\amicaengineerportal\yii\framework\db\ar\CActiveRecord.php(1355): CDbCommandBuilder->createFindCommand(Object(CDbTableSchema), Object(CDbCriteria))
#4 C:\xampp\htdocs\purva\amicaengineerportal\yii\framework\db\ar\CActiveRecord.php(1524): CActiveRecord->query(Object(CDbCriteria))
#5 C:\xampp\htdocs\purva\amicaengineerportal\yii\aep\protected\modules\user\components\UserIdentity.php(27): CActiveRecord->findByAttributes(Array)
#6 C:\xampp\htdocs\purva\amicaengineerportal\yii\aep\protected\modules\user\models\UserLogin.php(52): UserIdentity->authenticate()
#7 C:\xampp\htdocs\purva\amicaengineerportal\yii\framework\validators\CInlineValidator.php(42): UserLogin->authenticate('password', Array)
#8 C:\xampp\htdocs\purva\amicaengineerportal\yii\framework\validators\CValidator.php(201): CInlineValidator->validateAttribute(Object(UserLogin), 'password')
#9 C:\xampp\htdocs\purva\amicaengineerportal\yii\framework\base\CModel.php(159): CValidator->validate(Object(UserLogin), NULL)
#10 C:\xampp\htdocs\purva\amicaengineerportal\yii\aep\protected\modules\user\controllers\LoginController.php(19): CModel->validate()
#11 C:\xampp\htdocs\purva\amicaengineerportal\yii\framework\web\actions\CInlineAction.php(49): LoginController->actionLogin()
#12 C:\xampp\htdocs\purva\amicaengineerportal\yii\framework\web\CController.php(308): CInlineAction->runWithParams(Array)
#13 C:\xampp\htdocs\purva\amicaengineerportal\yii\framework\web\CController.php(286): CController->runAction(Object(CInlineAction))
#14 C:\xampp\htdocs\purva\amicaengineerportal\yii\framework\web\CController.php(265): CController->runActionWithFilters(Object(CInlineAction), Array)
#15 C:\xampp\htdocs\purva\amicaengineerportal\yii\framework\web\CWebApplication.php(282): CController->run('')
#16 C:\xampp\htdocs\purva\amicaengineerportal\yii\framework\web\CWebApplication.php(141): CWebApplication->runController('user/login')
#17 C:\xampp\htdocs\purva\amicaengineerportal\yii\framework\base\CApplication.php(184): CWebApplication->processRequest()
#18 C:\xampp\htdocs\purva\amicaengineerportal\yii\aep\index.php(13): CApplication->run()
#19 {main}
REQUEST_URI=/purva/amicaengineerportal/yii/aep/index.php?r=user/login
HTTP_REFERER=http://localhost/purva/amicaengineerportal/yii/aep/index.php?r=user/login
---
2015/10/23 18:13:01 [error] [system.db.CDbCommand] Error in preparing SQL: SELECT id, username, email, createtime, lastvisit, superuser, status, password, activkey FROM 'users' 't' WHERE 't'."username"=:yp0 LIMIT 1
in C:\xampp\htdocs\purva\amicaengineerportal\yii\aep\protected\modules\user\components\UserIdentity.php (27)
in C:\xampp\htdocs\purva\amicaengineerportal\yii\aep\protected\modules\user\models\UserLogin.php (52)
in C:\xampp\htdocs\purva\amicaengineerportal\yii\aep\protected\modules\user\controllers\LoginController.php (19)
2015/10/23 18:13:01 [error] [exception.CDbException] exception 'CDbException' with message 'CDbCommand failed to prepare the SQL statement: SQLSTATE[HY000]: General error: 1 no such column: lastvisit' in C:\xampp\htdocs\purva\amicaengineerportal\yii\framework\db\CDbCommand.php:218
Stack trace:
#0 C:\xampp\htdocs\purva\amicaengineerportal\yii\framework\db\CDbCommand.php(273): CDbCommand->prepare()
#1 C:\xampp\htdocs\purva\amicaengineerportal\yii\framework\db\schema\CDbCommandBuilder.php(568): CDbCommand->bindValue(':yp0', 'admin')
#2 C:\xampp\htdocs\purva\amicaengineerportal\yii\framework\db\schema\CDbCommandBuilder.php(100): CDbCommandBuilder->bindValues(Object(CDbCommand), Array)
#3 C:\xampp\htdocs\purva\amicaengineerportal\yii\framework\db\ar\CActiveRecord.php(1355): CDbCommandBuilder->createFindCommand(Object(CDbTableSchema), Object(CDbCriteria))
#4 C:\xampp\htdocs\purva\amicaengineerportal\yii\framework\db\ar\CActiveRecord.php(1524): CActiveRecord->query(Object(CDbCriteria))
#5 C:\xampp\htdocs\purva\amicaengineerportal\yii\aep\protected\modules\user\components\UserIdentity.php(27): CActiveRecord->findByAttributes(Array)
#6 C:\xampp\htdocs\purva\amicaengineerportal\yii\aep\protected\modules\user\models\UserLogin.php(52): UserIdentity->authenticate()
#7 C:\xampp\htdocs\purva\amicaengineerportal\yii\framework\validators\CInlineValidator.php(42): UserLogin->authenticate('password', Array)
#8 C:\xampp\htdocs\purva\amicaengineerportal\yii\framework\validators\CValidator.php(201): CInlineValidator->validateAttribute(Object(UserLogin), 'password')
#9 C:\xampp\htdocs\purva\amicaengineerportal\yii\framework\base\CModel.php(159): CValidator->validate(Object(UserLogin), NULL)
#10 C:\xampp\htdocs\purva\amicaengineerportal\yii\aep\protected\modules\user\controllers\LoginController.php(19): CModel->validate()
#11 C:\xampp\htdocs\purva\amicaengineerportal\yii\framework\web\actions\CInlineAction.php(49): LoginController->actionLogin()
#12 C:\xampp\htdocs\purva\amicaengineerportal\yii\framework\web\CController.php(308): CInlineAction->runWithParams(Array)
#13 C:\xampp\htdocs\purva\amicaengineerportal\yii\framework\web\CController.php(286): CController->runAction(Object(CInlineAction))
#14 C:\xampp\htdocs\purva\amicaengineerportal\yii\framework\web\CController.php(265): CController->runActionWithFilters(Object(CInlineAction), Array)
#15 C:\xampp\htdocs\purva\amicaengineerportal\yii\framework\web\CWebApplication.php(282): CController->run('')
#16 C:\xampp\htdocs\purva\amicaengineerportal\yii\framework\web\CWebApplication.php(141): CWebApplication->runController('user/login')
#17 C:\xampp\htdocs\purva\amicaengineerportal\yii\framework\base\CApplication.php(184): CWebApplication->processRequest()
#18 C:\xampp\htdocs\purva\amicaengineerportal\yii\aep\index.php(13): CApplication->run()
#19 {main}
REQUEST_URI=/purva/amicaengineerportal/yii/aep/index.php?r=user/login
HTTP_REFERER=http://localhost/purva/amicaengineerportal/yii/aep/index.php?r=user/login
---
2015/10/23 18:13:33 [error] [system.db.CDbCommand] Error in preparing SQL: SELECT id, username, email, createtime, lastvisit, superuser, status, password, activkey FROM 'users' 't' WHERE 't'."username"=:yp0 LIMIT 1
in C:\xampp\htdocs\purva\amicaengineerportal\yii\aep\protected\modules\user\components\UserIdentity.php (27)
in C:\xampp\htdocs\purva\amicaengineerportal\yii\aep\protected\modules\user\models\UserLogin.php (52)
in C:\xampp\htdocs\purva\amicaengineerportal\yii\aep\protected\modules\user\controllers\LoginController.php (19)
2015/10/23 18:13:33 [error] [exception.CDbException] exception 'CDbException' with message 'CDbCommand failed to prepare the SQL statement: SQLSTATE[HY000]: General error: 1 no such column: lastvisit' in C:\xampp\htdocs\purva\amicaengineerportal\yii\framework\db\CDbCommand.php:218
Stack trace:
#0 C:\xampp\htdocs\purva\amicaengineerportal\yii\framework\db\CDbCommand.php(273): CDbCommand->prepare()
#1 C:\xampp\htdocs\purva\amicaengineerportal\yii\framework\db\schema\CDbCommandBuilder.php(568): CDbCommand->bindValue(':yp0', 'admin')
#2 C:\xampp\htdocs\purva\amicaengineerportal\yii\framework\db\schema\CDbCommandBuilder.php(100): CDbCommandBuilder->bindValues(Object(CDbCommand), Array)
#3 C:\xampp\htdocs\purva\amicaengineerportal\yii\framework\db\ar\CActiveRecord.php(1355): CDbCommandBuilder->createFindCommand(Object(CDbTableSchema), Object(CDbCriteria))
#4 C:\xampp\htdocs\purva\amicaengineerportal\yii\framework\db\ar\CActiveRecord.php(1524): CActiveRecord->query(Object(CDbCriteria))
#5 C:\xampp\htdocs\purva\amicaengineerportal\yii\aep\protected\modules\user\components\UserIdentity.php(27): CActiveRecord->findByAttributes(Array)
#6 C:\xampp\htdocs\purva\amicaengineerportal\yii\aep\protected\modules\user\models\UserLogin.php(52): UserIdentity->authenticate()
#7 C:\xampp\htdocs\purva\amicaengineerportal\yii\framework\validators\CInlineValidator.php(42): UserLogin->authenticate('password', Array)
#8 C:\xampp\htdocs\purva\amicaengineerportal\yii\framework\validators\CValidator.php(201): CInlineValidator->validateAttribute(Object(UserLogin), 'password')
#9 C:\xampp\htdocs\purva\amicaengineerportal\yii\framework\base\CModel.php(159): CValidator->validate(Object(UserLogin), NULL)
#10 C:\xampp\htdocs\purva\amicaengineerportal\yii\aep\protected\modules\user\controllers\LoginController.php(19): CModel->validate()
#11 C:\xampp\htdocs\purva\amicaengineerportal\yii\framework\web\actions\CInlineAction.php(49): LoginController->actionLogin()
#12 C:\xampp\htdocs\purva\amicaengineerportal\yii\framework\web\CController.php(308): CInlineAction->runWithParams(Array)
#13 C:\xampp\htdocs\purva\amicaengineerportal\yii\framework\web\CController.php(286): CController->runAction(Object(CInlineAction))
#14 C:\xampp\htdocs\purva\amicaengineerportal\yii\framework\web\CController.php(265): CController->runActionWithFilters(Object(CInlineAction), Array)
#15 C:\xampp\htdocs\purva\amicaengineerportal\yii\framework\web\CWebApplication.php(282): CController->run('')
#16 C:\xampp\htdocs\purva\amicaengineerportal\yii\framework\web\CWebApplication.php(141): CWebApplication->runController('user/login')
#17 C:\xampp\htdocs\purva\amicaengineerportal\yii\framework\base\CApplication.php(184): CWebApplication->processRequest()
#18 C:\xampp\htdocs\purva\amicaengineerportal\yii\aep\index.php(13): CApplication->run()
#19 {main}
REQUEST_URI=/purva/amicaengineerportal/yii/aep/index.php?r=user/login
HTTP_REFERER=http://localhost/purva/amicaengineerportal/yii/aep/index.php?r=user/login
---
2015/10/23 18:18:39 [error] [exception.CDbException] exception 'CDbException' with message 'The table "users" for active record class "User" cannot be found in the database.' in C:\xampp\htdocs\purva\amicaengineerportal\yii\framework\db\ar\CActiveRecord.php:2385
Stack trace:
#0 C:\xampp\htdocs\purva\amicaengineerportal\yii\framework\db\ar\CActiveRecord.php(411): CActiveRecordMetaData->__construct(Object(User))
#1 C:\xampp\htdocs\purva\amicaengineerportal\yii\framework\db\ar\CActiveRecord.php(212): CActiveRecord->getMetaData()
#2 C:\xampp\htdocs\purva\amicaengineerportal\yii\aep\protected\modules\user\components\UserIdentity.php(27): CActiveRecord->__call('notsafe', Array)
#3 C:\xampp\htdocs\purva\amicaengineerportal\yii\aep\protected\modules\user\components\UserIdentity.php(27): User->notsafe()
#4 C:\xampp\htdocs\purva\amicaengineerportal\yii\aep\protected\modules\user\models\UserLogin.php(52): UserIdentity->authenticate()
#5 C:\xampp\htdocs\purva\amicaengineerportal\yii\framework\validators\CInlineValidator.php(42): UserLogin->authenticate('password', Array)
#6 C:\xampp\htdocs\purva\amicaengineerportal\yii\framework\validators\CValidator.php(201): CInlineValidator->validateAttribute(Object(UserLogin), 'password')
#7 C:\xampp\htdocs\purva\amicaengineerportal\yii\framework\base\CModel.php(159): CValidator->validate(Object(UserLogin), NULL)
#8 C:\xampp\htdocs\purva\amicaengineerportal\yii\aep\protected\modules\user\controllers\LoginController.php(19): CModel->validate()
#9 C:\xampp\htdocs\purva\amicaengineerportal\yii\framework\web\actions\CInlineAction.php(49): LoginController->actionLogin()
#10 C:\xampp\htdocs\purva\amicaengineerportal\yii\framework\web\CController.php(308): CInlineAction->runWithParams(Array)
#11 C:\xampp\htdocs\purva\amicaengineerportal\yii\framework\web\CController.php(286): CController->runAction(Object(CInlineAction))
#12 C:\xampp\htdocs\purva\amicaengineerportal\yii\framework\web\CController.php(265): CController->runActionWithFilters(Object(CInlineAction), Array)
#13 C:\xampp\htdocs\purva\amicaengineerportal\yii\framework\web\CWebApplication.php(282): CController->run('')
#14 C:\xampp\htdocs\purva\amicaengineerportal\yii\framework\web\CWebApplication.php(141): CWebApplication->runController('user/login')
#15 C:\xampp\htdocs\purva\amicaengineerportal\yii\framework\base\CApplication.php(184): CWebApplication->processRequest()
#16 C:\xampp\htdocs\purva\amicaengineerportal\yii\aep\index.php(13): CApplication->run()
#17 {main}
REQUEST_URI=/purva/amicaengineerportal/yii/aep/index.php?r=user/login
HTTP_REFERER=http://localhost/purva/amicaengineerportal/yii/aep/index.php?r=user/login
---
2015/10/23 18:19:29 [error] [system.db.CDbCommand] Error in preparing SQL: SELECT COUNT(*) FROM AuthItem
in C:\xampp\htdocs\purva\amicaengineerportal\yii\aep\protected\modules\rights\components\RInstaller.php (180)
in C:\xampp\htdocs\purva\amicaengineerportal\yii\aep\protected\modules\rights\controllers\InstallController.php (43)
in C:\xampp\htdocs\purva\amicaengineerportal\yii\aep\index.php (13)
2015/10/23 18:19:29 [error] [system.db.CDbCommand] CDbCommand::fetchColumn() failed: CDbCommand failed to prepare the SQL statement: SQLSTATE[HY000]: General error: 1 no such table: AuthItem. The SQL statement executed was: SELECT COUNT(*) FROM AuthItem.
in C:\xampp\htdocs\purva\amicaengineerportal\yii\aep\protected\modules\rights\components\RInstaller.php (180)
in C:\xampp\htdocs\purva\amicaengineerportal\yii\aep\protected\modules\rights\controllers\InstallController.php (43)
in C:\xampp\htdocs\purva\amicaengineerportal\yii\aep\index.php (13)
2015/10/23 18:19:36 [error] [exception.CDbException] exception 'CDbException' with message 'The table "users" for active record class "User" cannot be found in the database.' in C:\xampp\htdocs\purva\amicaengineerportal\yii\framework\db\ar\CActiveRecord.php:2385
Stack trace:
#0 C:\xampp\htdocs\purva\amicaengineerportal\yii\framework\db\ar\CActiveRecord.php(411): CActiveRecordMetaData->__construct(Object(User))
#1 C:\xampp\htdocs\purva\amicaengineerportal\yii\framework\db\ar\CActiveRecord.php(212): CActiveRecord->getMetaData()
#2 C:\xampp\htdocs\purva\amicaengineerportal\yii\aep\protected\modules\user\components\UserIdentity.php(27): CActiveRecord->__call('notsafe', Array)
#3 C:\xampp\htdocs\purva\amicaengineerportal\yii\aep\protected\modules\user\components\UserIdentity.php(27): User->notsafe()
#4 C:\xampp\htdocs\purva\amicaengineerportal\yii\aep\protected\modules\user\models\UserLogin.php(52): UserIdentity->authenticate()
#5 C:\xampp\htdocs\purva\amicaengineerportal\yii\framework\validators\CInlineValidator.php(42): UserLogin->authenticate('password', Array)
#6 C:\xampp\htdocs\purva\amicaengineerportal\yii\framework\validators\CValidator.php(201): CInlineValidator->validateAttribute(Object(UserLogin), 'password')
#7 C:\xampp\htdocs\purva\amicaengineerportal\yii\framework\base\CModel.php(159): CValidator->validate(Object(UserLogin), NULL)
#8 C:\xampp\htdocs\purva\amicaengineerportal\yii\aep\protected\modules\user\controllers\LoginController.php(19): CModel->validate()
#9 C:\xampp\htdocs\purva\amicaengineerportal\yii\framework\web\actions\CInlineAction.php(49): LoginController->actionLogin()
#10 C:\xampp\htdocs\purva\amicaengineerportal\yii\framework\web\CController.php(308): CInlineAction->runWithParams(Array)
#11 C:\xampp\htdocs\purva\amicaengineerportal\yii\framework\web\CController.php(286): CController->runAction(Object(CInlineAction))
#12 C:\xampp\htdocs\purva\amicaengineerportal\yii\framework\web\CController.php(265): CController->runActionWithFilters(Object(CInlineAction), Array)
#13 C:\xampp\htdocs\purva\amicaengineerportal\yii\framework\web\CWebApplication.php(282): CController->run('')
#14 C:\xampp\htdocs\purva\amicaengineerportal\yii\framework\web\CWebApplication.php(141): CWebApplication->runController('user/login')
#15 C:\xampp\htdocs\purva\amicaengineerportal\yii\framework\base\CApplication.php(184): CWebApplication->processRequest()
#16 C:\xampp\htdocs\purva\amicaengineerportal\yii\aep\index.php(13): CApplication->run()
#17 {main}
REQUEST_URI=/purva/amicaengineerportal/yii/aep/index.php?r=user/login
HTTP_REFERER=http://localhost/purva/amicaengineerportal/yii/aep/index.php?r=user/login
---
2015/10/23 18:21:31 [error] [system.db.CDbCommand] Error in preparing SQL: SELECT *
FROM 'AuthAssignment'
WHERE userid=:userid
in C:\xampp\htdocs\purva\amicaengineerportal\yii\aep\protected\modules\rights\components\RAuthorizer.php (341)
in C:\xampp\htdocs\purva\amicaengineerportal\yii\aep\protected\modules\rights\components\RWebUser.php (21)
in C:\xampp\htdocs\purva\amicaengineerportal\yii\aep\protected\modules\user\models\UserLogin.php (57)
2015/10/23 18:21:31 [error] [system.db.CDbCommand] CDbCommand::fetchAll() failed: CDbCommand failed to prepare the SQL statement: SQLSTATE[HY000]: General error: 1 no such table: AuthAssignment. The SQL statement executed was: SELECT *
FROM 'AuthAssignment'
WHERE userid=:userid.
in C:\xampp\htdocs\purva\amicaengineerportal\yii\aep\protected\modules\rights\components\RAuthorizer.php (341)
in C:\xampp\htdocs\purva\amicaengineerportal\yii\aep\protected\modules\rights\components\RWebUser.php (21)
in C:\xampp\htdocs\purva\amicaengineerportal\yii\aep\protected\modules\user\models\UserLogin.php (57)
2015/10/23 18:21:31 [error] [exception.CDbException] exception 'CDbException' with message 'CDbCommand failed to execute the SQL statement: CDbCommand failed to prepare the SQL statement: SQLSTATE[HY000]: General error: 1 no such table: AuthAssignment. The SQL statement executed was: SELECT *
FROM 'AuthAssignment'
WHERE userid=:userid' in C:\xampp\htdocs\purva\amicaengineerportal\yii\framework\db\CDbCommand.php:543
Stack trace:
#0 C:\xampp\htdocs\purva\amicaengineerportal\yii\framework\db\CDbCommand.php(396): CDbCommand->queryInternal('fetchAll', Array, Array)
#1 C:\xampp\htdocs\purva\amicaengineerportal\yii\framework\web\auth\CDbAuthManager.php(337): CDbCommand->queryAll()
#2 C:\xampp\htdocs\purva\amicaengineerportal\yii\aep\protected\modules\rights\components\RAuthorizer.php(341): CDbAuthManager->getAuthAssignments('1')
#3 C:\xampp\htdocs\purva\amicaengineerportal\yii\aep\protected\modules\rights\components\RWebUser.php(21): RAuthorizer->isSuperuser('1')
#4 C:\xampp\htdocs\purva\amicaengineerportal\yii\framework\web\auth\CWebUser.php(246): RWebUser->afterLogin(false)
#5 C:\xampp\htdocs\purva\amicaengineerportal\yii\aep\protected\modules\user\models\UserLogin.php(57): CWebUser->login(Object(UserIdentity), 0)
#6 C:\xampp\htdocs\purva\amicaengineerportal\yii\framework\validators\CInlineValidator.php(42): UserLogin->authenticate('password', Array)
#7 C:\xampp\htdocs\purva\amicaengineerportal\yii\framework\validators\CValidator.php(201): CInlineValidator->validateAttribute(Object(UserLogin), 'password')
#8 C:\xampp\htdocs\purva\amicaengineerportal\yii\framework\base\CModel.php(159): CValidator->validate(Object(UserLogin), NULL)
#9 C:\xampp\htdocs\purva\amicaengineerportal\yii\aep\protected\modules\user\controllers\LoginController.php(19): CModel->validate()
#10 C:\xampp\htdocs\purva\amicaengineerportal\yii\framework\web\actions\CInlineAction.php(49): LoginController->actionLogin()
#11 C:\xampp\htdocs\purva\amicaengineerportal\yii\framework\web\CController.php(308): CInlineAction->runWithParams(Array)
#12 C:\xampp\htdocs\purva\amicaengineerportal\yii\framework\web\CController.php(286): CController->runAction(Object(CInlineAction))
#13 C:\xampp\htdocs\purva\amicaengineerportal\yii\framework\web\CController.php(265): CController->runActionWithFilters(Object(CInlineAction), Array)
#14 C:\xampp\htdocs\purva\amicaengineerportal\yii\framework\web\CWebApplication.php(282): CController->run('')
#15 C:\xampp\htdocs\purva\amicaengineerportal\yii\framework\web\CWebApplication.php(141): CWebApplication->runController('user/login')
#16 C:\xampp\htdocs\purva\amicaengineerportal\yii\framework\base\CApplication.php(184): CWebApplication->processRequest()
#17 C:\xampp\htdocs\purva\amicaengineerportal\yii\aep\index.php(13): CApplication->run()
#18 {main}
REQUEST_URI=/purva/amicaengineerportal/yii/aep/index.php?r=user/login
HTTP_REFERER=http://localhost/purva/amicaengineerportal/yii/aep/index.php?r=user/login
---
2015/10/23 18:21:43 [error] [system.db.CDbCommand] Error in preparing SQL: SELECT COUNT(*) FROM AuthItem
in C:\xampp\htdocs\purva\amicaengineerportal\yii\aep\protected\modules\rights\components\RInstaller.php (180)
in C:\xampp\htdocs\purva\amicaengineerportal\yii\aep\protected\modules\rights\controllers\InstallController.php (43)
in C:\xampp\htdocs\purva\amicaengineerportal\yii\aep\index.php (13)
2015/10/23 18:21:43 [error] [system.db.CDbCommand] CDbCommand::fetchColumn() failed: CDbCommand failed to prepare the SQL statement: SQLSTATE[HY000]: General error: 1 no such table: AuthItem. The SQL statement executed was: SELECT COUNT(*) FROM AuthItem.
in C:\xampp\htdocs\purva\amicaengineerportal\yii\aep\protected\modules\rights\components\RInstaller.php (180)
in C:\xampp\htdocs\purva\amicaengineerportal\yii\aep\protected\modules\rights\controllers\InstallController.php (43)
in C:\xampp\htdocs\purva\amicaengineerportal\yii\aep\index.php (13)
2015/10/23 18:24:26 [error] [exception.CHttpException.404] exception 'CHttpException' with message 'Unable to resolve the request "users".' in C:\xampp\htdocs\purva\amicaengineerportal\yii\framework\web\CWebApplication.php:286
Stack trace:
#0 C:\xampp\htdocs\purva\amicaengineerportal\yii\framework\web\CWebApplication.php(141): CWebApplication->runController('users')
#1 C:\xampp\htdocs\purva\amicaengineerportal\yii\framework\base\CApplication.php(184): CWebApplication->processRequest()
#2 C:\xampp\htdocs\purva\amicaengineerportal\yii\aep\index.php(13): CApplication->run()
#3 {main}
REQUEST_URI=/purva/amicaengineerportal/yii/aep/index.php?r=users
---
2015/10/26 15:55:36 [error] [exception.CHttpException.404] exception 'CHttpException' with message 'Unable to resolve the request "gii".' in C:\xampp\htdocs\purva\amicaengineerportal\yii\framework\web\CWebApplication.php:286
Stack trace:
#0 C:\xampp\htdocs\purva\amicaengineerportal\yii\framework\web\CWebApplication.php(141): CWebApplication->runController('gii')
#1 C:\xampp\htdocs\purva\amicaengineerportal\yii\framework\base\CApplication.php(184): CWebApplication->processRequest()
#2 C:\xampp\htdocs\purva\amicaengineerportal\yii\aep\index.php(13): CApplication->run()
#3 {main}
REQUEST_URI=/purva/amicaengineerportal/yii/aep/index.php?r=gii
---
2015/10/26 15:55:48 [error] [exception.CHttpException.404] exception 'CHttpException' with message 'Unable to resolve the request "gii".' in C:\xampp\htdocs\purva\amicaengineerportal\yii\framework\web\CWebApplication.php:286
Stack trace:
#0 C:\xampp\htdocs\purva\amicaengineerportal\yii\framework\web\CWebApplication.php(141): CWebApplication->runController('gii')
#1 C:\xampp\htdocs\purva\amicaengineerportal\yii\framework\base\CApplication.php(184): CWebApplication->processRequest()
#2 C:\xampp\htdocs\purva\amicaengineerportal\yii\aep\index.php(13): CApplication->run()
#3 {main}
REQUEST_URI=/purva/amicaengineerportal/yii/aep/index.php?r=gii
---
2015/10/26 15:56:03 [error] [exception.CHttpException.404] exception 'CHttpException' with message 'The system is unable to find the requested action "gii".' in C:\xampp\htdocs\purva\amicaengineerportal\yii\framework\web\CController.php:483
Stack trace:
#0 C:\xampp\htdocs\purva\amicaengineerportal\yii\framework\web\CController.php(270): CController->missingAction('gii')
#1 C:\xampp\htdocs\purva\amicaengineerportal\yii\framework\web\CWebApplication.php(282): CController->run('gii')
#2 C:\xampp\htdocs\purva\amicaengineerportal\yii\framework\web\CWebApplication.php(141): CWebApplication->runController('site/gii')
#3 C:\xampp\htdocs\purva\amicaengineerportal\yii\framework\base\CApplication.php(184): CWebApplication->processRequest()
#4 C:\xampp\htdocs\purva\amicaengineerportal\yii\aep\index.php(13): CApplication->run()
#5 {main}
REQUEST_URI=/purva/amicaengineerportal/yii/aep/index.php?r=site/gii
---
2015/10/26 15:56:15 [error] [exception.CHttpException.404] exception 'CHttpException' with message 'The system is unable to find the requested action "gii".' in C:\xampp\htdocs\purva\amicaengineerportal\yii\framework\web\CController.php:483
Stack trace:
#0 C:\xampp\htdocs\purva\amicaengineerportal\yii\framework\web\CController.php(270): CController->missingAction('gii')
#1 C:\xampp\htdocs\purva\amicaengineerportal\yii\framework\web\CWebApplication.php(282): CController->run('gii')
#2 C:\xampp\htdocs\purva\amicaengineerportal\yii\framework\web\CWebApplication.php(141): CWebApplication->runController('site/gii')
#3 C:\xampp\htdocs\purva\amicaengineerportal\yii\framework\base\CApplication.php(184): CWebApplication->processRequest()
#4 C:\xampp\htdocs\purva\amicaengineerportal\yii\aep\index.php(13): CApplication->run()
#5 {main}
REQUEST_URI=/purva/amicaengineerportal/yii/aep/index.php?r=site/gii
---
2015/10/26 15:56:16 [error] [exception.CHttpException.404] exception 'CHttpException' with message 'Unable to resolve the request "gii".' in C:\xampp\htdocs\purva\amicaengineerportal\yii\framework\web\CWebApplication.php:286
Stack trace:
#0 C:\xampp\htdocs\purva\amicaengineerportal\yii\framework\web\CWebApplication.php(141): CWebApplication->runController('gii')
#1 C:\xampp\htdocs\purva\amicaengineerportal\yii\framework\base\CApplication.php(184): CWebApplication->processRequest()
#2 C:\xampp\htdocs\purva\amicaengineerportal\yii\aep\index.php(13): CApplication->run()
#3 {main}
REQUEST_URI=/purva/amicaengineerportal/yii/aep/index.php?r=gii
---
2015/10/27 16:07:45 [error] [exception.CHttpException.404] exception 'CHttpException' with message 'Unable to resolve the request "authetication".' in C:\xampp\htdocs\purva\amicaengineerportal\yii\framework\web\CWebApplication.php:286
Stack trace:
#0 C:\xampp\htdocs\purva\amicaengineerportal\yii\framework\web\CWebApplication.php(141): CWebApplication->runController('authetication')
#1 C:\xampp\htdocs\purva\amicaengineerportal\yii\framework\base\CApplication.php(184): CWebApplication->processRequest()
#2 C:\xampp\htdocs\purva\amicaengineerportal\yii\aep\index.php(13): CApplication->run()
#3 {main}
REQUEST_URI=/purva/amicaengineerportal/yii/aep/index.php?r=authetication
---
2015/10/27 16:12:11 [error] [exception.CHttpException.404] exception 'CHttpException' with message 'Unable to find the code you requested.' in C:\xampp\htdocs\purva\amicaengineerportal\yii\framework\gii\CCodeGenerator.php:90
Stack trace:
#0 C:\xampp\htdocs\purva\amicaengineerportal\yii\framework\web\actions\CInlineAction.php(49): CCodeGenerator->actionCode()
#1 C:\xampp\htdocs\purva\amicaengineerportal\yii\framework\web\CController.php(308): CInlineAction->runWithParams(Array)
#2 C:\xampp\htdocs\purva\amicaengineerportal\yii\framework\web\CController.php(286): CController->runAction(Object(CInlineAction))
#3 C:\xampp\htdocs\purva\amicaengineerportal\yii\framework\web\CController.php(265): CController->runActionWithFilters(Object(CInlineAction), Array)
#4 C:\xampp\htdocs\purva\amicaengineerportal\yii\framework\web\CWebApplication.php(282): CController->run('code')
#5 C:\xampp\htdocs\purva\amicaengineerportal\yii\framework\web\CWebApplication.php(141): CWebApplication->runController('gii/controller/...')
#6 C:\xampp\htdocs\purva\amicaengineerportal\yii\framework\base\CApplication.php(184): CWebApplication->processRequest()
#7 C:\xampp\htdocs\purva\amicaengineerportal\yii\aep\index.php(13): CApplication->run()
#8 {main}
REQUEST_URI=/purva/amicaengineerportal/yii/aep/index.php?r=gii/controller/code&id=0
HTTP_REFERER=http://localhost/purva/amicaengineerportal/yii/aep/index.php?r=gii/controller/index
---
2015/10/27 17:06:46 [error] [exception.CHttpException.404] exception 'CHttpException' with message 'The system is unable to find the requested action "authentication".' in C:\xampp\htdocs\purva\amicaengineerportal\yii\framework\web\CController.php:483
Stack trace:
#0 C:\xampp\htdocs\purva\amicaengineerportal\yii\framework\web\CController.php(270): CController->missingAction('authentication')
#1 C:\xampp\htdocs\purva\amicaengineerportal\yii\framework\web\CWebApplication.php(282): CController->run('authentication')
#2 C:\xampp\htdocs\purva\amicaengineerportal\yii\framework\web\CWebApplication.php(141): CWebApplication->runController('authentication/...')
#3 C:\xampp\htdocs\purva\amicaengineerportal\yii\framework\base\CApplication.php(184): CWebApplication->processRequest()
#4 C:\xampp\htdocs\purva\amicaengineerportal\yii\aep\index.php(13): CApplication->run()
#5 {main}
REQUEST_URI=/purva/amicaengineerportal/yii/aep/index.php?r=authentication/authentication
HTTP_REFERER=http://localhost/purva/amicaengineerportal/yii/aep/index.php?r=authentication
---
2015/10/27 17:26:15 [error] [exception.CHttpException.404] exception 'CHttpException' with message 'The system is unable to find the requested action "verifyengg".' in C:\xampp\htdocs\purva\amicaengineerportal\yii\framework\web\CController.php:483
Stack trace:
#0 C:\xampp\htdocs\purva\amicaengineerportal\yii\framework\web\CController.php(270): CController->missingAction('verifyengg')
#1 C:\xampp\htdocs\purva\amicaengineerportal\yii\framework\web\CWebApplication.php(282): CController->run('verifyengg')
#2 C:\xampp\htdocs\purva\amicaengineerportal\yii\framework\web\CWebApplication.php(141): CWebApplication->runController('authentication/...')
#3 C:\xampp\htdocs\purva\amicaengineerportal\yii\framework\base\CApplication.php(184): CWebApplication->processRequest()
#4 C:\xampp\htdocs\purva\amicaengineerportal\yii\aep\index.php(13): CApplication->run()
#5 {main}
REQUEST_URI=/purva/amicaengineerportal/yii/aep/index.php?r=authentication/verifyengg
---
2015/10/27 18:21:07 [error] [exception.CHttpException.404] exception 'CHttpException' with message 'The system is unable to find the requested action "authentication".' in C:\xampp\htdocs\purva\amicaengineerportal\yii\framework\web\CController.php:483
Stack trace:
#0 C:\xampp\htdocs\purva\amicaengineerportal\yii\framework\web\CController.php(270): CController->missingAction('authentication')
#1 C:\xampp\htdocs\purva\amicaengineerportal\yii\framework\web\CWebApplication.php(282): CController->run('authentication')
#2 C:\xampp\htdocs\purva\amicaengineerportal\yii\framework\web\CWebApplication.php(141): CWebApplication->runController('authentication/...')
#3 C:\xampp\htdocs\purva\amicaengineerportal\yii\framework\base\CApplication.php(184): CWebApplication->processRequest()
#4 C:\xampp\htdocs\purva\amicaengineerportal\yii\aep\index.php(13): CApplication->run()
#5 {main}
REQUEST_URI=/purva/amicaengineerportal/yii/aep/index.php?r=authentication/authentication
HTTP_REFERER=http://localhost/purva/amicaengineerportal/yii/aep/index.php?r=authentication
---
2015/10/27 18:24:13 [error] [exception.CHttpException.404] exception 'CHttpException' with message 'The system is unable to find the requested action "authentication".' in C:\xampp\htdocs\purva\amicaengineerportal\yii\framework\web\CController.php:483
Stack trace:
#0 C:\xampp\htdocs\purva\amicaengineerportal\yii\framework\web\CController.php(270): CController->missingAction('authentication')
#1 C:\xampp\htdocs\purva\amicaengineerportal\yii\framework\web\CWebApplication.php(282): CController->run('authentication')
#2 C:\xampp\htdocs\purva\amicaengineerportal\yii\framework\web\CWebApplication.php(141): CWebApplication->runController('authentication/...')
#3 C:\xampp\htdocs\purva\amicaengineerportal\yii\framework\base\CApplication.php(184): CWebApplication->processRequest()
#4 C:\xampp\htdocs\purva\amicaengineerportal\yii\aep\index.php(13): CApplication->run()
#5 {main}
REQUEST_URI=/purva/amicaengineerportal/yii/aep/index.php?r=authentication/authentication
HTTP_REFERER=http://localhost/purva/amicaengineerportal/yii/aep/index.php?r=authentication
---
2015/11/05 16:09:49 [error] [php] Use of undefined constant status_message - assumed 'status_message' (C:\xampp\htdocs\purva\amicaengineerportal\yii\aep\protected\controllers\EngineerportalController.php:33)
Stack trace:
#0 C:\xampp\htdocs\purva\amicaengineerportal\yii\framework\web\CController.php(286): EngineerportalController->runAction()
#1 C:\xampp\htdocs\purva\amicaengineerportal\yii\framework\web\CController.php(265): EngineerportalController->runActionWithFilters()
#2 C:\xampp\htdocs\purva\amicaengineerportal\yii\framework\web\CWebApplication.php(282): EngineerportalController->run()
#3 C:\xampp\htdocs\purva\amicaengineerportal\yii\framework\web\CWebApplication.php(141): CWebApplication->runController()
#4 C:\xampp\htdocs\purva\amicaengineerportal\yii\framework\base\CApplication.php(184): CWebApplication->processRequest()
#5 C:\xampp\htdocs\purva\amicaengineerportal\yii\aep\index.php(13): CWebApplication->run()
REQUEST_URI=/purva/amicaengineerportal/yii/aep/index.php?r=engineerportal/getdatafromserver
in C:\xampp\htdocs\purva\amicaengineerportal\yii\aep\protected\controllers\EngineerportalController.php (33)
in C:\xampp\htdocs\purva\amicaengineerportal\yii\aep\index.php (13)
2015/11/05 16:10:04 [error] [php] Trying to get property of non-object (C:\xampp\htdocs\purva\amicaengineerportal\yii\aep\protected\controllers\EngineerportalController.php:33)
Stack trace:
#0 C:\xampp\htdocs\purva\amicaengineerportal\yii\framework\web\CController.php(286): EngineerportalController->runAction()
#1 C:\xampp\htdocs\purva\amicaengineerportal\yii\framework\web\CController.php(265): EngineerportalController->runActionWithFilters()
#2 C:\xampp\htdocs\purva\amicaengineerportal\yii\framework\web\CWebApplication.php(282): EngineerportalController->run()
#3 C:\xampp\htdocs\purva\amicaengineerportal\yii\framework\web\CWebApplication.php(141): CWebApplication->runController()
#4 C:\xampp\htdocs\purva\amicaengineerportal\yii\framework\base\CApplication.php(184): CWebApplication->processRequest()
#5 C:\xampp\htdocs\purva\amicaengineerportal\yii\aep\index.php(13): CWebApplication->run()
REQUEST_URI=/purva/amicaengineerportal/yii/aep/index.php?r=engineerportal/getdatafromserver
in C:\xampp\htdocs\purva\amicaengineerportal\yii\aep\protected\controllers\EngineerportalController.php (33)
in C:\xampp\htdocs\purva\amicaengineerportal\yii\aep\index.php (13)
2015/11/05 16:11:32 [error] [php] Use of undefined constant status_message - assumed 'status_message' (C:\xampp\htdocs\purva\amicaengineerportal\yii\aep\protected\controllers\EngineerportalController.php:33)
Stack trace:
#0 C:\xampp\htdocs\purva\amicaengineerportal\yii\framework\web\CController.php(286): EngineerportalController->runAction()
#1 C:\xampp\htdocs\purva\amicaengineerportal\yii\framework\web\CController.php(265): EngineerportalController->runActionWithFilters()
#2 C:\xampp\htdocs\purva\amicaengineerportal\yii\framework\web\CWebApplication.php(282): EngineerportalController->run()
#3 C:\xampp\htdocs\purva\amicaengineerportal\yii\framework\web\CWebApplication.php(141): CWebApplication->runController()
#4 C:\xampp\htdocs\purva\amicaengineerportal\yii\framework\base\CApplication.php(184): CWebApplication->processRequest()
#5 C:\xampp\htdocs\purva\amicaengineerportal\yii\aep\index.php(13): CWebApplication->run()
REQUEST_URI=/purva/amicaengineerportal/yii/aep/index.php?r=engineerportal/getdatafromserver
in C:\xampp\htdocs\purva\amicaengineerportal\yii\aep\protected\controllers\EngineerportalController.php (33)
in C:\xampp\htdocs\purva\amicaengineerportal\yii\aep\index.php (13)
2015/11/05 16:13:20 [error] [php] Invalid argument supplied for foreach() (C:\xampp\htdocs\purva\amicaengineerportal\yii\aep\protected\controllers\EngineerportalController.php:34)
Stack trace:
#0 C:\xampp\htdocs\purva\amicaengineerportal\yii\framework\web\CController.php(286): EngineerportalController->runAction()
#1 C:\xampp\htdocs\purva\amicaengineerportal\yii\framework\web\CController.php(265): EngineerportalController->runActionWithFilters()
#2 C:\xampp\htdocs\purva\amicaengineerportal\yii\framework\web\CWebApplication.php(282): EngineerportalController->run()
#3 C:\xampp\htdocs\purva\amicaengineerportal\yii\framework\web\CWebApplication.php(141): CWebApplication->runController()
#4 C:\xampp\htdocs\purva\amicaengineerportal\yii\framework\base\CApplication.php(184): CWebApplication->processRequest()
#5 C:\xampp\htdocs\purva\amicaengineerportal\yii\aep\index.php(13): CWebApplication->run()
REQUEST_URI=/purva/amicaengineerportal/yii/aep/index.php?r=engineerportal/getdatafromserver
in C:\xampp\htdocs\purva\amicaengineerportal\yii\aep\protected\controllers\EngineerportalController.php (34)
in C:\xampp\htdocs\purva\amicaengineerportal\yii\aep\index.php (13)
2015/11/05 16:13:41 [error] [php] Invalid argument supplied for foreach() (C:\xampp\htdocs\purva\amicaengineerportal\yii\aep\protected\controllers\EngineerportalController.php:34)
Stack trace:
#0 C:\xampp\htdocs\purva\amicaengineerportal\yii\framework\web\CController.php(286): EngineerportalController->runAction()
#1 C:\xampp\htdocs\purva\amicaengineerportal\yii\framework\web\CController.php(265): EngineerportalController->runActionWithFilters()
#2 C:\xampp\htdocs\purva\amicaengineerportal\yii\framework\web\CWebApplication.php(282): EngineerportalController->run()
#3 C:\xampp\htdocs\purva\amicaengineerportal\yii\framework\web\CWebApplication.php(141): CWebApplication->runController()
#4 C:\xampp\htdocs\purva\amicaengineerportal\yii\framework\base\CApplication.php(184): CWebApplication->processRequest()
#5 C:\xampp\htdocs\purva\amicaengineerportal\yii\aep\index.php(13): CWebApplication->run()
REQUEST_URI=/purva/amicaengineerportal/yii/aep/index.php?r=engineerportal/getdatafromserver
in C:\xampp\htdocs\purva\amicaengineerportal\yii\aep\protected\controllers\EngineerportalController.php (34)
in C:\xampp\htdocs\purva\amicaengineerportal\yii\aep\index.php (13)
2015/11/05 16:13:55 [error] [php] Invalid argument supplied for foreach() (C:\xampp\htdocs\purva\amicaengineerportal\yii\aep\protected\controllers\EngineerportalController.php:34)
Stack trace:
#0 C:\xampp\htdocs\purva\amicaengineerportal\yii\framework\web\CController.php(286): EngineerportalController->runAction()
#1 C:\xampp\htdocs\purva\amicaengineerportal\yii\framework\web\CController.php(265): EngineerportalController->runActionWithFilters()
#2 C:\xampp\htdocs\purva\amicaengineerportal\yii\framework\web\CWebApplication.php(282): EngineerportalController->run()
#3 C:\xampp\htdocs\purva\amicaengineerportal\yii\framework\web\CWebApplication.php(141): CWebApplication->runController()
#4 C:\xampp\htdocs\purva\amicaengineerportal\yii\framework\base\CApplication.php(184): CWebApplication->processRequest()
#5 C:\xampp\htdocs\purva\amicaengineerportal\yii\aep\index.php(13): CWebApplication->run()
REQUEST_URI=/purva/amicaengineerportal/yii/aep/index.php?r=engineerportal/getdatafromserver
in C:\xampp\htdocs\purva\amicaengineerportal\yii\aep\protected\controllers\EngineerportalController.php (34)
in C:\xampp\htdocs\purva\amicaengineerportal\yii\aep\index.php (13)
2015/11/05 16:14:48 [error] [php] Invalid argument supplied for foreach() (C:\xampp\htdocs\purva\amicaengineerportal\yii\aep\protected\controllers\EngineerportalController.php:34)
Stack trace:
#0 C:\xampp\htdocs\purva\amicaengineerportal\yii\framework\web\CController.php(286): EngineerportalController->runAction()
#1 C:\xampp\htdocs\purva\amicaengineerportal\yii\framework\web\CController.php(265): EngineerportalController->runActionWithFilters()
#2 C:\xampp\htdocs\purva\amicaengineerportal\yii\framework\web\CWebApplication.php(282): EngineerportalController->run()
#3 C:\xampp\htdocs\purva\amicaengineerportal\yii\framework\web\CWebApplication.php(141): CWebApplication->runController()
#4 C:\xampp\htdocs\purva\amicaengineerportal\yii\framework\base\CApplication.php(184): CWebApplication->processRequest()
#5 C:\xampp\htdocs\purva\amicaengineerportal\yii\aep\index.php(13): CWebApplication->run()
REQUEST_URI=/purva/amicaengineerportal/yii/aep/index.php?r=engineerportal/getdatafromserver
in C:\xampp\htdocs\purva\amicaengineerportal\yii\aep\protected\controllers\EngineerportalController.php (34)
in C:\xampp\htdocs\purva\amicaengineerportal\yii\aep\index.php (13)
